#! c:/iverilog-x64/bin/vvp
:ivl_version "10.1 (stable)" "(v10_1_1)";
:ivl_delay_selection "TYPICAL";
:vpi_time_precision - 12;
:vpi_module "system";
:vpi_module "vhdl_sys";
:vpi_module "v2005_math";
:vpi_module "va_math";
S_00000000028a4fd0 .scope module, "testbench_cont_8bit_adder" "testbench_cont_8bit_adder" 2 3;
 .timescale -9 -12;
v0000000002900650_0 .var "a", 7 0;
v0000000002900290_0 .var "b", 7 0;
v0000000002900970_0 .var "cin", 0 0;
v00000000029001f0_0 .net "cout", 0 0, L_0000000002900830;  1 drivers
v0000000002900fb0_0 .net "sum", 7 0, L_0000000002900dd0;  1 drivers
S_00000000028a5150 .scope module, "DUT" "cont_8bit_adder" 2 10, 3 2 0, S_00000000028a4fd0;
 .timescale -9 -12;
    .port_info 0 /OUTPUT 8 "sum"
    .port_info 1 /OUTPUT 1 "cout"
    .port_info 2 /INPUT 8 "a"
    .port_info 3 /INPUT 8 "b"
    .port_info 4 /INPUT 1 "cin"
L_0000000002901200 .functor BUFT 1, C4<0>, C4<0>, C4<0>, C4<0>;
v00000000028ab590_0 .net *"_s10", 0 0, L_0000000002901200;  1 drivers
v00000000028a52d0_0 .net *"_s11", 8 0, L_00000000029005b0;  1 drivers
v00000000028adcf0_0 .net *"_s13", 8 0, L_0000000002901050;  1 drivers
L_0000000002901248 .functor BUFT 1, C4<00000000>, C4<0>, C4<0>, C4<0>;
v00000000028add90_0 .net *"_s16", 7 0, L_0000000002901248;  1 drivers
v00000000028ade30_0 .net *"_s17", 8 0, L_00000000029010f0;  1 drivers
v00000000028aded0_0 .net *"_s3", 8 0, L_0000000002900510;  1 drivers
L_00000000029011b8 .functor BUFT 1, C4<0>, C4<0>, C4<0>, C4<0>;
v00000000028adf70_0 .net *"_s6", 0 0, L_00000000029011b8;  1 drivers
v00000000028ae010_0 .net *"_s7", 8 0, L_0000000002900ab0;  1 drivers
v00000000028ae0b0_0 .net "a", 7 0, v0000000002900650_0;  1 drivers
v00000000028ae150_0 .net "b", 7 0, v0000000002900290_0;  1 drivers
v00000000028ae1f0_0 .net "cin", 0 0, v0000000002900970_0;  1 drivers
v0000000002900790_0 .net "cout", 0 0, L_0000000002900830;  alias, 1 drivers
v0000000002900d30_0 .net "sum", 7 0, L_0000000002900dd0;  alias, 1 drivers
L_0000000002900830 .part L_00000000029010f0, 8, 1;
L_0000000002900dd0 .part L_00000000029010f0, 0, 8;
L_0000000002900510 .concat [ 8 1 0 0], v0000000002900650_0, L_00000000029011b8;
L_0000000002900ab0 .concat [ 8 1 0 0], v0000000002900290_0, L_0000000002901200;
L_00000000029005b0 .arith/sum 9, L_0000000002900510, L_0000000002900ab0;
L_0000000002901050 .concat [ 1 8 0 0], v0000000002900970_0, L_0000000002901248;
L_00000000029010f0 .arith/sum 9, L_00000000029005b0, L_0000000002901050;
    .scope S_00000000028a4fd0;
T_0 ;
    %vpi_call 2 14 "$dumpfile", "cont_8bit_adder.vcd" {0 0 0};
    %vpi_call 2 15 "$dumpvars" {0 0 0};
    %end;
    .thread T_0;
    .scope S_00000000028a4fd0;
T_1 ;
    %pushi/vec4 255, 0, 8;
    %store/vec4 v0000000002900650_0, 0, 8;
    %pushi/vec4 255, 0, 8;
    %store/vec4 v0000000002900290_0, 0, 8;
    %pushi/vec4 0, 0, 1;
    %store/vec4 v0000000002900970_0, 0, 1;
    %end;
    .thread T_1;
    .scope S_00000000028a4fd0;
T_2 ;
    %delay 1000, 0;
    %vpi_func 2 27 "$stime" 32 {0 0 0};
    %pushi/vec4 256, 0, 32;
    %mod;
    %cmpi/e 1, 0, 32;
    %jmp/0xz  T_2.0, 4;
    %load/vec4 v0000000002900650_0;
    %addi 1, 0, 8;
    %store/vec4 v0000000002900650_0, 0, 8;
T_2.0 ;
    %load/vec4 v0000000002900290_0;
    %addi 1, 0, 8;
    %store/vec4 v0000000002900290_0, 0, 8;
    %vpi_call 2 31 "$monitor", "%4dns monitor: a=%d b=%d cin=%d sum=%d cout=%d", $stime, v0000000002900650_0, v0000000002900290_0, v0000000002900970_0, v0000000002900fb0_0, v00000000029001f0_0 {0 0 0};
    %jmp T_2;
    .thread T_2;
    .scope S_00000000028a4fd0;
T_3 ;
    %delay 65537000, 0;
    %vpi_call 2 34 "$finish" {0 0 0};
    %end;
    .thread T_3;
# The file index is used to find the file name in the following table.
:file_names 4;
    "N/A";
    "<interactive>";
    "testbench_cont_8bit_adder.v";
    "cont_8bit_adder.v";
