#! c:/iverilog-x64/bin/vvp
:ivl_version "10.1 (stable)" "(v10_1_1)";
:ivl_delay_selection "TYPICAL";
:vpi_time_precision - 12;
:vpi_module "system";
:vpi_module "vhdl_sys";
:vpi_module "v2005_math";
:vpi_module "va_math";
S_00000000028accf0 .scope module, "testbench_cont_8bit_adder" "testbench_cont_8bit_adder" 2 3;
 .timescale -9 -12;
v0000000002900580_0 .var "a", 7 0;
v0000000002900b20_0 .var "b", 7 0;
v0000000002900bc0_0 .var "cin", 0 0;
v00000000029008a0_0 .net "cout", 0 0, L_0000000002900760;  1 drivers
v0000000002900080_0 .net "sum", 7 0, L_0000000002900940;  1 drivers
S_00000000028ab370 .scope module, "DUT" "cont_8bit_adder" 2 10, 3 2 0, S_00000000028accf0;
 .timescale -9 -12;
    .port_info 0 /OUTPUT 8 "sum"
    .port_info 1 /OUTPUT 1 "cout"
    .port_info 2 /INPUT 8 "a"
    .port_info 3 /INPUT 8 "b"
    .port_info 4 /INPUT 1 "cin"
L_00000000029020a0 .functor BUFT 1, C4<0>, C4<0>, C4<0>, C4<0>;
v00000000028ab4f0_0 .net *"_s10", 0 0, L_00000000029020a0;  1 drivers
v00000000028ffdb0_0 .net *"_s11", 8 0, L_00000000029006c0;  1 drivers
v00000000028ffe50_0 .net *"_s13", 8 0, L_0000000002900260;  1 drivers
L_00000000029020e8 .functor BUFT 1, C4<00000000>, C4<0>, C4<0>, C4<0>;
v00000000028ffef0_0 .net *"_s16", 7 0, L_00000000029020e8;  1 drivers
v0000000003236440_0 .net *"_s17", 8 0, L_0000000002900800;  1 drivers
v00000000032364e0_0 .net *"_s3", 8 0, L_0000000002900c60;  1 drivers
L_0000000002902058 .functor BUFT 1, C4<0>, C4<0>, C4<0>, C4<0>;
v0000000003236580_0 .net *"_s6", 0 0, L_0000000002902058;  1 drivers
v0000000003236620_0 .net *"_s7", 8 0, L_0000000002900620;  1 drivers
v00000000032366c0_0 .net "a", 7 0, v0000000002900580_0;  1 drivers
v0000000003236760_0 .net "b", 7 0, v0000000002900b20_0;  1 drivers
v00000000028fff90_0 .net "cin", 0 0, v0000000002900bc0_0;  1 drivers
v0000000002900440_0 .net "cout", 0 0, L_0000000002900760;  alias, 1 drivers
v00000000029009e0_0 .net "sum", 7 0, L_0000000002900940;  alias, 1 drivers
L_0000000002900760 .part L_0000000002900800, 8, 1;
L_0000000002900940 .part L_0000000002900800, 0, 8;
L_0000000002900c60 .concat [ 8 1 0 0], v0000000002900580_0, L_0000000002902058;
L_0000000002900620 .concat [ 8 1 0 0], v0000000002900b20_0, L_00000000029020a0;
L_00000000029006c0 .arith/sum 9, L_0000000002900c60, L_0000000002900620;
L_0000000002900260 .concat [ 1 8 0 0], v0000000002900bc0_0, L_00000000029020e8;
L_0000000002900800 .arith/sum 9, L_00000000029006c0, L_0000000002900260;
    .scope S_00000000028accf0;
T_0 ;
    %vpi_call 2 13 "$dumpfile", "cont_8bit_adder.vcd" {0 0 0};
    %vpi_call 2 14 "$dumpvars" {0 0 0};
    %end;
    .thread T_0;
    .scope S_00000000028accf0;
T_1 ;
    %pushi/vec4 240, 0, 8;
    %store/vec4 v0000000002900580_0, 0, 8;
    %pushi/vec4 255, 0, 8;
    %store/vec4 v0000000002900b20_0, 0, 8;
    %pushi/vec4 1, 0, 1;
    %store/vec4 v0000000002900bc0_0, 0, 1;
    %end;
    .thread T_1;
    .scope S_00000000028accf0;
T_2 ;
    %delay 1000, 0;
    %load/vec4 v0000000002900580_0;
    %ix/load 4, 1, 0;
    %flag_set/imm 4, 0;
    %shiftl 4;
    %load/vec4 v0000000002900bc0_0;
    %pad/u 8;
    %or;
    %store/vec4 v0000000002900580_0, 0, 8;
    %vpi_call 2 27 "$monitor", "%4dns monitor: a=%d b=%d cin=%d sum=%d cout=%d", $stime, v0000000002900580_0, v0000000002900b20_0, v0000000002900bc0_0, v0000000002900080_0, v00000000029008a0_0 {0 0 0};
    %jmp T_2;
    .thread T_2;
    .scope S_00000000028accf0;
T_3 ;
    %delay 2000, 0;
    %load/vec4 v0000000002900b20_0;
    %ix/load 4, 2, 0;
    %flag_set/imm 4, 0;
    %shiftr 4;
    %store/vec4 v0000000002900b20_0, 0, 8;
    %jmp T_3;
    .thread T_3;
    .scope S_00000000028accf0;
T_4 ;
    %delay 3000, 0;
    %load/vec4 v0000000002900bc0_0;
    %inv;
    %store/vec4 v0000000002900bc0_0, 0, 1;
    %jmp T_4;
    .thread T_4;
    .scope S_00000000028accf0;
T_5 ;
    %delay 15000, 0;
    %vpi_call 2 32 "$finish" {0 0 0};
    %end;
    .thread T_5;
# The file index is used to find the file name in the following table.
:file_names 4;
    "N/A";
    "<interactive>";
    "testbench_cont_8bit_adder.v";
    "cont_8bit_adder.v";
